[27-Dec-2023 00:04:16 UTC] PHP Warning:  {{image.url}} is deprecated and will be removed in 1.1; use {{image.src}} in /home/c58252/ab-express.ru/www/wp-content/plugins/timber-library/lib/Helper.php on line 211
[27-Dec-2023 00:06:53 UTC] PHP Warning:  {{image.url}} is deprecated and will be removed in 1.1; use {{image.src}} in /home/c58252/ab-express.ru/www/wp-content/plugins/timber-library/lib/Helper.php on line 211
[27-Dec-2023 01:23:02 UTC] PHP Warning:  {{image.url}} is deprecated and will be removed in 1.1; use {{image.src}} in /home/c58252/ab-express.ru/www/wp-content/plugins/timber-library/lib/Helper.php on line 211
[27-Dec-2023 01:37:38 UTC] PHP Warning:  {{image.url}} is deprecated and will be removed in 1.1; use {{image.src}} in /home/c58252/ab-express.ru/www/wp-content/plugins/timber-library/lib/Helper.php on line 211
[27-Dec-2023 02:15:08 UTC] PHP Warning:  {{image.url}} is deprecated and will be removed in 1.1; use {{image.src}} in /home/c58252/ab-express.ru/www/wp-content/plugins/timber-library/lib/Helper.php on line 211
[27-Dec-2023 02:57:26 UTC] PHP Warning:  Invalid argument supplied for foreach() in /home/c58252/ab-express.ru/www/wp-content/plugins/tch-auth-module/api/index.php on line 353
[27-Dec-2023 03:26:37 UTC] PHP Warning:  {{image.url}} is deprecated and will be removed in 1.1; use {{image.src}} in /home/c58252/ab-express.ru/www/wp-content/plugins/timber-library/lib/Helper.php on line 211
[27-Dec-2023 03:52:32 UTC] PHP Warning:  Invalid argument supplied for foreach() in /home/c58252/ab-express.ru/www/wp-content/plugins/tch-auth-module/api/index.php on line 353
[27-Dec-2023 03:56:13 UTC] PHP Warning:  {{image.url}} is deprecated and will be removed in 1.1; use {{image.src}} in /home/c58252/ab-express.ru/www/wp-content/plugins/timber-library/lib/Helper.php on line 211
[27-Dec-2023 03:56:24 UTC] PHP Warning:  {{image.url}} is deprecated and will be removed in 1.1; use {{image.src}} in /home/c58252/ab-express.ru/www/wp-content/plugins/timber-library/lib/Helper.php on line 211
[27-Dec-2023 03:57:09 UTC] PHP Warning:  {{image.url}} is deprecated and will be removed in 1.1; use {{image.src}} in /home/c58252/ab-express.ru/www/wp-content/plugins/timber-library/lib/Helper.php on line 211
[27-Dec-2023 03:57:17 UTC] PHP Warning:  {{image.url}} is deprecated and will be removed in 1.1; use {{image.src}} in /home/c58252/ab-express.ru/www/wp-content/plugins/timber-library/lib/Helper.php on line 211
[27-Dec-2023 03:57:19 UTC] PHP Warning:  {{image.url}} is deprecated and will be removed in 1.1; use {{image.src}} in /home/c58252/ab-express.ru/www/wp-content/plugins/timber-library/lib/Helper.php on line 211
[27-Dec-2023 04:00:35 UTC] PHP Warning:  Invalid argument supplied for foreach() in /home/c58252/ab-express.ru/www/wp-content/plugins/tch-auth-module/api/index.php on line 353
[27-Dec-2023 04:21:47 UTC] PHP Warning:  {{image.url}} is deprecated and will be removed in 1.1; use {{image.src}} in /home/c58252/ab-express.ru/www/wp-content/plugins/timber-library/lib/Helper.php on line 211
[27-Dec-2023 04:24:11 UTC] PHP Warning:  {{image.url}} is deprecated and will be removed in 1.1; use {{image.src}} in /home/c58252/ab-express.ru/www/wp-content/plugins/timber-library/lib/Helper.php on line 211
[27-Dec-2023 04:25:52 UTC] PHP Warning:  {{image.url}} is deprecated and will be removed in 1.1; use {{image.src}} in /home/c58252/ab-express.ru/www/wp-content/plugins/timber-library/lib/Helper.php on line 211
[27-Dec-2023 04:36:45 UTC] PHP Warning:  {{image.url}} is deprecated and will be removed in 1.1; use {{image.src}} in /home/c58252/ab-express.ru/www/wp-content/plugins/timber-library/lib/Helper.php on line 211
[27-Dec-2023 04:37:45 UTC] PHP Warning:  Invalid argument supplied for foreach() in /home/c58252/ab-express.ru/www/wp-content/plugins/tch-auth-module/api/index.php on line 353
[27-Dec-2023 04:37:49 UTC] PHP Warning:  {{image.url}} is deprecated and will be removed in 1.1; use {{image.src}} in /home/c58252/ab-express.ru/www/wp-content/plugins/timber-library/lib/Helper.php on line 211
[27-Dec-2023 04:37:50 UTC] PHP Warning:  Invalid argument supplied for foreach() in /home/c58252/ab-express.ru/www/wp-content/plugins/tch-auth-module/api/index.php on line 353
[27-Dec-2023 04:42:08 UTC] PHP Fatal error:  Uncaught TypeError: Argument 1 passed to Firebase\JWT\JWT::decode() must be of the type string, null given, called in /home/c58252/ab-express.ru/www/wp-content/plugins/tch-auth-module/api/index.php on line 239 and defined in /home/c58252/ab-express.ru/www/wp-content/plugins/tch-auth-module/vendor/firebase/php-jwt/src/JWT.php:96
Stack trace:
#0 /home/c58252/ab-express.ru/www/wp-content/plugins/tch-auth-module/api/index.php(239): Firebase\JWT\JWT::decode(NULL, Object(Firebase\JWT\Key))
#1 /home/c58252/ab-express.ru/www/wp-content/plugins/tch-auth-module/api/index.php(541): VerifyToken(NULL)
#2 /home/c58252/ab-express.ru/www/wp-includes/rest-api/class-wp-rest-server.php(1161): is_user_authed(Object(WP_REST_Request))
#3 /home/c58252/ab-express.ru/www/wp-includes/rest-api/class-wp-rest-server.php(1041): WP_REST_Server->respond_to_request(Object(WP_REST_Request), '/tch/notify', Array, NULL)
#4 /home/c58252/ab-express.ru/www/wp-includes/rest-api/class-wp-rest-server.php(431): WP_REST_Server->dispatch(Object(WP_REST_ in /home/c58252/ab-express.ru/www/wp-content/plugins/tch-auth-module/vendor/firebase/php-jwt/src/JWT.php on line 96
[27-Dec-2023 04:46:01 UTC] PHP Warning:  Invalid argument supplied for foreach() in /home/c58252/ab-express.ru/www/wp-content/plugins/tch-auth-module/api/index.php on line 353
[27-Dec-2023 04:46:14 UTC] PHP Warning:  Invalid argument supplied for foreach() in /home/c58252/ab-express.ru/www/wp-content/plugins/tch-auth-module/api/index.php on line 353
[27-Dec-2023 04:46:17 UTC] PHP Warning:  Invalid argument supplied for foreach() in /home/c58252/ab-express.ru/www/wp-content/plugins/tch-auth-module/api/index.php on line 353
[27-Dec-2023 04:46:30 UTC] PHP Warning:  Invalid argument supplied for foreach() in /home/c58252/ab-express.ru/www/wp-content/plugins/tch-auth-module/api/index.php on line 353
[27-Dec-2023 04:46:34 UTC] PHP Warning:  Invalid argument supplied for foreach() in /home/c58252/ab-express.ru/www/wp-content/plugins/tch-auth-module/api/index.php on line 353
[27-Dec-2023 04:46:56 UTC] PHP Warning:  Invalid argument supplied for foreach() in /home/c58252/ab-express.ru/www/wp-content/plugins/tch-auth-module/api/index.php on line 353
[27-Dec-2023 04:47:02 UTC] PHP Warning:  Invalid argument supplied for foreach() in /home/c58252/ab-express.ru/www/wp-content/plugins/tch-auth-module/api/index.php on line 353
[27-Dec-2023 04:47:26 UTC] PHP Warning:  Invalid argument supplied for foreach() in /home/c58252/ab-express.ru/www/wp-content/plugins/tch-auth-module/api/index.php on line 353
[27-Dec-2023 04:48:01 UTC] PHP Warning:  Invalid argument supplied for foreach() in /home/c58252/ab-express.ru/www/wp-content/plugins/tch-auth-module/api/index.php on line 353
[27-Dec-2023 04:48:34 UTC] PHP Warning:  Invalid argument supplied for foreach() in /home/c58252/ab-express.ru/www/wp-content/plugins/tch-auth-module/api/index.php on line 353
[27-Dec-2023 04:49:24 UTC] PHP Warning:  Invalid argument supplied for foreach() in /home/c58252/ab-express.ru/www/wp-content/plugins/tch-auth-module/api/index.php on line 353
[27-Dec-2023 04:49:35 UTC] PHP Warning:  Invalid argument supplied for foreach() in /home/c58252/ab-express.ru/www/wp-content/plugins/tch-auth-module/api/index.php on line 353
[27-Dec-2023 04:50:19 UTC] PHP Warning:  Invalid argument supplied for foreach() in /home/c58252/ab-express.ru/www/wp-content/plugins/tch-auth-module/api/index.php on line 353
[27-Dec-2023 04:50:32 UTC] PHP Warning:  Invalid argument supplied for foreach() in /home/c58252/ab-express.ru/www/wp-content/plugins/tch-auth-module/api/index.php on line 353
[27-Dec-2023 04:51:47 UTC] PHP Warning:  Invalid argument supplied for foreach() in /home/c58252/ab-express.ru/www/wp-content/plugins/tch-auth-module/api/index.php on line 353
[27-Dec-2023 04:51:58 UTC] PHP Warning:  Invalid argument supplied for foreach() in /home/c58252/ab-express.ru/www/wp-content/plugins/tch-auth-module/api/index.php on line 353
[27-Dec-2023 04:53:03 UTC] PHP Warning:  Invalid argument supplied for foreach() in /home/c58252/ab-express.ru/www/wp-content/plugins/tch-auth-module/api/index.php on line 353
[27-Dec-2023 04:53:09 UTC] PHP Warning:  Invalid argument supplied for foreach() in /home/c58252/ab-express.ru/www/wp-content/plugins/tch-auth-module/api/index.php on line 353
[27-Dec-2023 04:54:08 UTC] PHP Warning:  Invalid argument supplied for foreach() in /home/c58252/ab-express.ru/www/wp-content/plugins/tch-auth-module/api/index.php on line 353
[27-Dec-2023 04:55:49 UTC] PHP Warning:  Invalid argument supplied for foreach() in /home/c58252/ab-express.ru/www/wp-content/plugins/tch-auth-module/api/index.php on line 353
[27-Dec-2023 04:57:22 UTC] PHP Warning:  Invalid argument supplied for foreach() in /home/c58252/ab-express.ru/www/wp-content/plugins/tch-auth-module/api/index.php on line 353
[27-Dec-2023 04:58:39 UTC] PHP Warning:  {{image.url}} is deprecated and will be removed in 1.1; use {{image.src}} in /home/c58252/ab-express.ru/www/wp-content/plugins/timber-library/lib/Helper.php on line 211
[27-Dec-2023 04:58:49 UTC] PHP Warning:  Invalid argument supplied for foreach() in /home/c58252/ab-express.ru/www/wp-content/plugins/tch-auth-module/api/index.php on line 353
[27-Dec-2023 04:59:00 UTC] PHP Warning:  Invalid argument supplied for foreach() in /home/c58252/ab-express.ru/www/wp-content/plugins/tch-auth-module/api/index.php on line 353
[27-Dec-2023 05:02:20 UTC] PHP Warning:  Invalid argument supplied for foreach() in /home/c58252/ab-express.ru/www/wp-content/plugins/tch-auth-module/api/index.php on line 353
[27-Dec-2023 05:05:49 UTC] PHP Warning:  Invalid argument supplied for foreach() in /home/c58252/ab-express.ru/www/wp-content/plugins/tch-auth-module/api/index.php on line 353
[27-Dec-2023 05:06:47 UTC] PHP Warning:  Invalid argument supplied for foreach() in /home/c58252/ab-express.ru/www/wp-content/plugins/tch-auth-module/api/index.php on line 353
[27-Dec-2023 05:11:03 UTC] PHP Warning:  {{image.url}} is deprecated and will be removed in 1.1; use {{image.src}} in /home/c58252/ab-express.ru/www/wp-content/plugins/timber-library/lib/Helper.php on line 211
[27-Dec-2023 05:15:06 UTC] PHP Warning:  Invalid argument supplied for foreach() in /home/c58252/ab-express.ru/www/wp-content/plugins/tch-auth-module/api/index.php on line 353
[27-Dec-2023 05:21:06 UTC] PHP Warning:  Invalid argument supplied for foreach() in /home/c58252/ab-express.ru/www/wp-content/plugins/tch-auth-module/api/index.php on line 353
[27-Dec-2023 05:27:54 UTC] PHP Warning:  Invalid argument supplied for foreach() in /home/c58252/ab-express.ru/www/wp-content/plugins/tch-auth-module/api/index.php on line 353
[27-Dec-2023 05:35:58 UTC] PHP Warning:  Invalid argument supplied for foreach() in /home/c58252/ab-express.ru/www/wp-content/plugins/tch-auth-module/api/index.php on line 353
[27-Dec-2023 05:36:45 UTC] PHP Warning:  Invalid argument supplied for foreach() in /home/c58252/ab-express.ru/www/wp-content/plugins/tch-auth-module/api/index.php on line 353
[27-Dec-2023 05:39:41 UTC] PHP Warning:  Invalid argument supplied for foreach() in /home/c58252/ab-express.ru/www/wp-content/plugins/tch-auth-module/api/index.php on line 353
[27-Dec-2023 05:39:51 UTC] PHP Warning:  Invalid argument supplied for foreach() in /home/c58252/ab-express.ru/www/wp-content/plugins/tch-auth-module/api/index.php on line 353
[27-Dec-2023 05:40:01 UTC] PHP Warning:  {{image.url}} is deprecated and will be removed in 1.1; use {{image.src}} in /home/c58252/ab-express.ru/www/wp-content/plugins/timber-library/lib/Helper.php on line 211
[27-Dec-2023 05:40:02 UTC] PHP Warning:  Invalid argument supplied for foreach() in /home/c58252/ab-express.ru/www/wp-content/plugins/tch-auth-module/api/index.php on line 353
[27-Dec-2023 05:40:11 UTC] PHP Warning:  Invalid argument supplied for foreach() in /home/c58252/ab-express.ru/www/wp-content/plugins/tch-auth-module/api/index.php on line 353
[27-Dec-2023 05:40:16 UTC] PHP Warning:  Invalid argument supplied for foreach() in /home/c58252/ab-express.ru/www/wp-content/plugins/tch-auth-module/api/index.php on line 353
[27-Dec-2023 05:40:46 UTC] PHP Warning:  Invalid argument supplied for foreach() in /home/c58252/ab-express.ru/www/wp-content/plugins/tch-auth-module/api/index.php on line 353
[27-Dec-2023 05:40:57 UTC] PHP Warning:  Invalid argument supplied for foreach() in /home/c58252/ab-express.ru/www/wp-content/plugins/tch-auth-module/api/index.php on line 353
[27-Dec-2023 05:41:05 UTC] PHP Warning:  Invalid argument supplied for foreach() in /home/c58252/ab-express.ru/www/wp-content/plugins/tch-auth-module/api/index.php on line 353
[27-Dec-2023 05:41:07 UTC] PHP Warning:  Invalid argument supplied for foreach() in /home/c58252/ab-express.ru/www/wp-content/plugins/tch-auth-module/api/index.php on line 353
[27-Dec-2023 05:41:09 UTC] PHP Warning:  Invalid argument supplied for foreach() in /home/c58252/ab-express.ru/www/wp-content/plugins/tch-auth-module/api/index.php on line 353
[27-Dec-2023 05:41:25 UTC] PHP Warning:  Invalid argument supplied for foreach() in /home/c58252/ab-express.ru/www/wp-content/plugins/tch-auth-module/api/index.php on line 353
[27-Dec-2023 05:41:30 UTC] PHP Warning:  Invalid argument supplied for foreach() in /home/c58252/ab-express.ru/www/wp-content/plugins/tch-auth-module/api/index.php on line 353
[27-Dec-2023 05:41:33 UTC] PHP Warning:  Invalid argument supplied for foreach() in /home/c58252/ab-express.ru/www/wp-content/plugins/tch-auth-module/api/index.php on line 353
[27-Dec-2023 05:41:40 UTC] PHP Warning:  Invalid argument supplied for foreach() in /home/c58252/ab-express.ru/www/wp-content/plugins/tch-auth-module/api/index.php on line 353
[27-Dec-2023 05:41:47 UTC] PHP Warning:  Invalid argument supplied for foreach() in /home/c58252/ab-express.ru/www/wp-content/plugins/tch-auth-module/api/index.php on line 353
[27-Dec-2023 05:41:49 UTC] PHP Warning:  {{image.url}} is deprecated and will be removed in 1.1; use {{image.src}} in /home/c58252/ab-express.ru/www/wp-content/plugins/timber-library/lib/Helper.php on line 211
[27-Dec-2023 05:42:40 UTC] PHP Warning:  Invalid argument supplied for foreach() in /home/c58252/ab-express.ru/www/wp-content/plugins/tch-auth-module/api/index.php on line 353
[27-Dec-2023 05:43:05 UTC] PHP Warning:  Invalid argument supplied for foreach() in /home/c58252/ab-express.ru/www/wp-content/plugins/tch-auth-module/api/index.php on line 353
[27-Dec-2023 05:43:06 UTC] PHP Warning:  Invalid argument supplied for foreach() in /home/c58252/ab-express.ru/www/wp-content/plugins/tch-auth-module/api/index.php on line 353
[27-Dec-2023 05:43:15 UTC] PHP Warning:  Invalid argument supplied for foreach() in /home/c58252/ab-express.ru/www/wp-content/plugins/tch-auth-module/api/index.php on line 353
[27-Dec-2023 05:43:16 UTC] PHP Warning:  Invalid argument supplied for foreach() in /home/c58252/ab-express.ru/www/wp-content/plugins/tch-auth-module/api/index.php on line 353
[27-Dec-2023 05:44:03 UTC] PHP Warning:  Invalid argument supplied for foreach() in /home/c58252/ab-express.ru/www/wp-content/plugins/tch-auth-module/api/index.php on line 353
[27-Dec-2023 05:48:05 UTC] PHP Warning:  Invalid argument supplied for foreach() in /home/c58252/ab-express.ru/www/wp-content/plugins/tch-auth-module/api/index.php on line 353
[27-Dec-2023 05:52:37 UTC] PHP Warning:  Invalid argument supplied for foreach() in /home/c58252/ab-express.ru/www/wp-content/plugins/tch-auth-module/api/index.php on line 353
[27-Dec-2023 05:55:29 UTC] PHP Warning:  Invalid argument supplied for foreach() in /home/c58252/ab-express.ru/www/wp-content/plugins/tch-auth-module/api/index.php on line 353
[27-Dec-2023 05:56:31 UTC] PHP Warning:  Invalid argument supplied for foreach() in /home/c58252/ab-express.ru/www/wp-content/plugins/tch-auth-module/api/index.php on line 353
[27-Dec-2023 05:56:35 UTC] PHP Warning:  Invalid argument supplied for foreach() in /home/c58252/ab-express.ru/www/wp-content/plugins/tch-auth-module/api/index.php on line 353
[27-Dec-2023 05:56:45 UTC] PHP Warning:  Invalid argument supplied for foreach() in /home/c58252/ab-express.ru/www/wp-content/plugins/tch-auth-module/api/index.php on line 353
[27-Dec-2023 05:57:06 UTC] PHP Warning:  Invalid argument supplied for foreach() in /home/c58252/ab-express.ru/www/wp-content/plugins/tch-auth-module/api/index.php on line 353
[27-Dec-2023 05:57:41 UTC] PHP Warning:  Invalid argument supplied for foreach() in /home/c58252/ab-express.ru/www/wp-content/plugins/tch-auth-module/api/index.php on line 353
[27-Dec-2023 05:58:07 UTC] PHP Warning:  Invalid argument supplied for foreach() in /home/c58252/ab-express.ru/www/wp-content/plugins/tch-auth-module/api/index.php on line 353
[27-Dec-2023 06:00:43 UTC] PHP Warning:  Invalid argument supplied for foreach() in /home/c58252/ab-express.ru/www/wp-content/plugins/tch-auth-module/api/index.php on line 353
[27-Dec-2023 06:01:20 UTC] PHP Warning:  Invalid argument supplied for foreach() in /home/c58252/ab-express.ru/www/wp-content/plugins/tch-auth-module/api/index.php on line 353
[27-Dec-2023 06:01:52 UTC] PHP Warning:  Invalid argument supplied for foreach() in /home/c58252/ab-express.ru/www/wp-content/plugins/tch-auth-module/api/index.php on line 353
[27-Dec-2023 06:03:23 UTC] PHP Warning:  {{image.url}} is deprecated and will be removed in 1.1; use {{image.src}} in /home/c58252/ab-express.ru/www/wp-content/plugins/timber-library/lib/Helper.php on line 211
[27-Dec-2023 06:05:11 UTC] PHP Warning:  Invalid argument supplied for foreach() in /home/c58252/ab-express.ru/www/wp-content/plugins/tch-auth-module/api/index.php on line 353
[27-Dec-2023 06:05:30 UTC] PHP Warning:  Invalid argument supplied for foreach() in /home/c58252/ab-express.ru/www/wp-content/plugins/tch-auth-module/api/index.php on line 353
[27-Dec-2023 06:07:26 UTC] PHP Warning:  Invalid argument supplied for foreach() in /home/c58252/ab-express.ru/www/wp-content/plugins/tch-auth-module/api/index.php on line 353
[27-Dec-2023 06:11:34 UTC] PHP Warning:  Invalid argument supplied for foreach() in /home/c58252/ab-express.ru/www/wp-content/plugins/tch-auth-module/api/index.php on line 353
[27-Dec-2023 06:11:52 UTC] PHP Warning:  {{image.url}} is deprecated and will be removed in 1.1; use {{image.src}} in /home/c58252/ab-express.ru/www/wp-content/plugins/timber-library/lib/Helper.php on line 211
[27-Dec-2023 06:13:05 UTC] PHP Warning:  Invalid argument supplied for foreach() in /home/c58252/ab-express.ru/www/wp-content/plugins/tch-auth-module/api/index.php on line 353
[27-Dec-2023 06:13:06 UTC] PHP Warning:  Invalid argument supplied for foreach() in /home/c58252/ab-express.ru/www/wp-content/plugins/tch-auth-module/api/index.php on line 353
[27-Dec-2023 06:13:22 UTC] PHP Warning:  Invalid argument supplied for foreach() in /home/c58252/ab-express.ru/www/wp-content/plugins/tch-auth-module/api/index.php on line 353
[27-Dec-2023 06:13:23 UTC] PHP Warning:  Invalid argument supplied for foreach() in /home/c58252/ab-express.ru/www/wp-content/plugins/tch-auth-module/api/index.php on line 353
[27-Dec-2023 06:13:33 UTC] PHP Warning:  Invalid argument supplied for foreach() in /home/c58252/ab-express.ru/www/wp-content/plugins/tch-auth-module/api/index.php on line 353
[27-Dec-2023 06:13:34 UTC] PHP Warning:  Invalid argument supplied for foreach() in /home/c58252/ab-express.ru/www/wp-content/plugins/tch-auth-module/api/index.php on line 353
[27-Dec-2023 06:17:18 UTC] PHP Warning:  Invalid argument supplied for foreach() in /home/c58252/ab-express.ru/www/wp-content/plugins/tch-auth-module/api/index.php on line 353
[27-Dec-2023 06:17:46 UTC] PHP Warning:  Invalid argument supplied for foreach() in /home/c58252/ab-express.ru/www/wp-content/plugins/tch-auth-module/api/index.php on line 353
[27-Dec-2023 06:17:50 UTC] PHP Warning:  Invalid argument supplied for foreach() in /home/c58252/ab-express.ru/www/wp-content/plugins/tch-auth-module/api/index.php on line 353
[27-Dec-2023 06:18:01 UTC] PHP Warning:  Invalid argument supplied for foreach() in /home/c58252/ab-express.ru/www/wp-content/plugins/tch-auth-module/api/index.php on line 353
[27-Dec-2023 06:18:05 UTC] PHP Warning:  Invalid argument supplied for foreach() in /home/c58252/ab-express.ru/www/wp-content/plugins/tch-auth-module/api/index.php on line 353
[27-Dec-2023 06:18:13 UTC] PHP Warning:  Invalid argument supplied for foreach() in /home/c58252/ab-express.ru/www/wp-content/plugins/tch-auth-module/api/index.php on line 353
[27-Dec-2023 06:18:15 UTC] PHP Warning:  Invalid argument supplied for foreach() in /home/c58252/ab-express.ru/www/wp-content/plugins/tch-auth-module/api/index.php on line 353
[27-Dec-2023 06:19:13 UTC] PHP Warning:  Invalid argument supplied for foreach() in /home/c58252/ab-express.ru/www/wp-content/plugins/tch-auth-module/api/index.php on line 353
[27-Dec-2023 06:20:32 UTC] PHP Warning:  Invalid argument supplied for foreach() in /home/c58252/ab-express.ru/www/wp-content/plugins/tch-auth-module/api/index.php on line 353
[27-Dec-2023 06:21:35 UTC] PHP Warning:  Invalid argument supplied for foreach() in /home/c58252/ab-express.ru/www/wp-content/plugins/tch-auth-module/api/index.php on line 353
[27-Dec-2023 06:21:35 UTC] PHP Warning:  Invalid argument supplied for foreach() in /home/c58252/ab-express.ru/www/wp-content/plugins/tch-auth-module/api/index.php on line 353
[27-Dec-2023 06:22:11 UTC] PHP Warning:  Invalid argument supplied for foreach() in /home/c58252/ab-express.ru/www/wp-content/plugins/tch-auth-module/api/index.php on line 353
[27-Dec-2023 06:22:12 UTC] PHP Warning:  Invalid argument supplied for foreach() in /home/c58252/ab-express.ru/www/wp-content/plugins/tch-auth-module/api/index.php on line 353
[27-Dec-2023 06:22:50 UTC] PHP Warning:  Invalid argument supplied for foreach() in /home/c58252/ab-express.ru/www/wp-content/plugins/tch-auth-module/api/index.php on line 353
[27-Dec-2023 06:22:54 UTC] PHP Warning:  Invalid argument supplied for foreach() in /home/c58252/ab-express.ru/www/wp-content/plugins/tch-auth-module/api/index.php on line 353
[27-Dec-2023 06:23:02 UTC] PHP Warning:  Invalid argument supplied for foreach() in /home/c58252/ab-express.ru/www/wp-content/plugins/tch-auth-module/api/index.php on line 353
[27-Dec-2023 06:23:21 UTC] PHP Warning:  Invalid argument supplied for foreach() in /home/c58252/ab-express.ru/www/wp-content/plugins/tch-auth-module/api/index.php on line 353
[27-Dec-2023 06:23:23 UTC] PHP Warning:  Invalid argument supplied for foreach() in /home/c58252/ab-express.ru/www/wp-content/plugins/tch-auth-module/api/index.php on line 353
[27-Dec-2023 06:24:31 UTC] PHP Warning:  Invalid argument supplied for foreach() in /home/c58252/ab-express.ru/www/wp-content/plugins/tch-auth-module/api/index.php on line 353
[27-Dec-2023 06:25:19 UTC] PHP Warning:  Invalid argument supplied for foreach() in /home/c58252/ab-express.ru/www/wp-content/plugins/tch-auth-module/api/index.php on line 353
[27-Dec-2023 06:26:07 UTC] PHP Warning:  Invalid argument supplied for foreach() in /home/c58252/ab-express.ru/www/wp-content/plugins/tch-auth-module/api/index.php on line 353
[27-Dec-2023 06:26:16 UTC] PHP Warning:  Invalid argument supplied for foreach() in /home/c58252/ab-express.ru/www/wp-content/plugins/tch-auth-module/api/index.php on line 353
[27-Dec-2023 06:27:21 UTC] PHP Warning:  Invalid argument supplied for foreach() in /home/c58252/ab-express.ru/www/wp-content/plugins/tch-auth-module/api/index.php on line 353
[27-Dec-2023 06:27:31 UTC] PHP Warning:  Invalid argument supplied for foreach() in /home/c58252/ab-express.ru/www/wp-content/plugins/tch-auth-module/api/index.php on line 353
[27-Dec-2023 06:28:32 UTC] PHP Warning:  Invalid argument supplied for foreach() in /home/c58252/ab-express.ru/www/wp-content/plugins/tch-auth-module/api/index.php on line 353
[27-Dec-2023 06:28:48 UTC] PHP Warning:  Invalid argument supplied for foreach() in /home/c58252/ab-express.ru/www/wp-content/plugins/tch-auth-module/api/index.php on line 353
[27-Dec-2023 06:29:05 UTC] PHP Warning:  Invalid argument supplied for foreach() in /home/c58252/ab-express.ru/www/wp-content/plugins/tch-auth-module/api/index.php on line 353
[27-Dec-2023 06:30:36 UTC] PHP Warning:  Invalid argument supplied for foreach() in /home/c58252/ab-express.ru/www/wp-content/plugins/tch-auth-module/api/index.php on line 353
[27-Dec-2023 06:31:21 UTC] PHP Warning:  Invalid argument supplied for foreach() in /home/c58252/ab-express.ru/www/wp-content/plugins/tch-auth-module/api/index.php on line 353
[27-Dec-2023 06:31:27 UTC] PHP Warning:  Invalid argument supplied for foreach() in /home/c58252/ab-express.ru/www/wp-content/plugins/tch-auth-module/api/index.php on line 353
[27-Dec-2023 06:31:44 UTC] PHP Warning:  Invalid argument supplied for foreach() in /home/c58252/ab-express.ru/www/wp-content/plugins/tch-auth-module/api/index.php on line 353
[27-Dec-2023 06:32:17 UTC] PHP Warning:  Invalid argument supplied for foreach() in /home/c58252/ab-express.ru/www/wp-content/plugins/tch-auth-module/api/index.php on line 353
[27-Dec-2023 06:32:57 UTC] PHP Fatal error:  Uncaught TypeError: Argument 1 passed to Firebase\JWT\JWT::decode() must be of the type string, null given, called in /home/c58252/ab-express.ru/www/wp-content/plugins/tch-auth-module/api/index.php on line 239 and defined in /home/c58252/ab-express.ru/www/wp-content/plugins/tch-auth-module/vendor/firebase/php-jwt/src/JWT.php:96
Stack trace:
#0 /home/c58252/ab-express.ru/www/wp-content/plugins/tch-auth-module/api/index.php(239): Firebase\JWT\JWT::decode(NULL, Object(Firebase\JWT\Key))
#1 /home/c58252/ab-express.ru/www/wp-content/plugins/tch-auth-module/api/index.php(541): VerifyToken(NULL)
#2 /home/c58252/ab-express.ru/www/wp-includes/rest-api/class-wp-rest-server.php(1161): is_user_authed(Object(WP_REST_Request))
#3 /home/c58252/ab-express.ru/www/wp-includes/rest-api/class-wp-rest-server.php(1041): WP_REST_Server->respond_to_request(Object(WP_REST_Request), '/tch/notify', Array, NULL)
#4 /home/c58252/ab-express.ru/www/wp-includes/rest-api/class-wp-rest-server.php(431): WP_REST_Server->dispatch(Object(WP_REST_ in /home/c58252/ab-express.ru/www/wp-content/plugins/tch-auth-module/vendor/firebase/php-jwt/src/JWT.php on line 96
[27-Dec-2023 06:35:56 UTC] PHP Warning:  Invalid argument supplied for foreach() in /home/c58252/ab-express.ru/www/wp-content/plugins/tch-auth-module/api/index.php on line 353
[27-Dec-2023 06:36:12 UTC] PHP Warning:  Invalid argument supplied for foreach() in /home/c58252/ab-express.ru/www/wp-content/plugins/tch-auth-module/api/index.php on line 353
[27-Dec-2023 06:36:25 UTC] PHP Warning:  Invalid argument supplied for foreach() in /home/c58252/ab-express.ru/www/wp-content/plugins/tch-auth-module/api/index.php on line 353
[27-Dec-2023 06:36:30 UTC] PHP Warning:  Invalid argument supplied for foreach() in /home/c58252/ab-express.ru/www/wp-content/plugins/tch-auth-module/api/index.php on line 353
[27-Dec-2023 06:36:38 UTC] PHP Warning:  {{image.url}} is deprecated and will be removed in 1.1; use {{image.src}} in /home/c58252/ab-express.ru/www/wp-content/plugins/timber-library/lib/Helper.php on line 211
[27-Dec-2023 06:36:39 UTC] PHP Warning:  Invalid argument supplied for foreach() in /home/c58252/ab-express.ru/www/wp-content/plugins/tch-auth-module/api/index.php on line 353
[27-Dec-2023 06:37:21 UTC] PHP Warning:  Invalid argument supplied for foreach() in /home/c58252/ab-express.ru/www/wp-content/plugins/tch-auth-module/api/index.php on line 353
[27-Dec-2023 06:38:32 UTC] PHP Warning:  Invalid argument supplied for foreach() in /home/c58252/ab-express.ru/www/wp-content/plugins/tch-auth-module/api/index.php on line 353
[27-Dec-2023 06:39:57 UTC] PHP Warning:  Invalid argument supplied for foreach() in /home/c58252/ab-express.ru/www/wp-content/plugins/tch-auth-module/api/index.php on line 353
[27-Dec-2023 06:40:52 UTC] PHP Warning:  Invalid argument supplied for foreach() in /home/c58252/ab-express.ru/www/wp-content/plugins/tch-auth-module/api/index.php on line 353
[27-Dec-2023 06:40:56 UTC] PHP Warning:  Invalid argument supplied for foreach() in /home/c58252/ab-express.ru/www/wp-content/plugins/tch-auth-module/api/index.php on line 353
[27-Dec-2023 06:41:05 UTC] PHP Warning:  {{image.url}} is deprecated and will be removed in 1.1; use {{image.src}} in /home/c58252/ab-express.ru/www/wp-content/plugins/timber-library/lib/Helper.php on line 211
[27-Dec-2023 06:41:05 UTC] PHP Warning:  Invalid argument supplied for foreach() in /home/c58252/ab-express.ru/www/wp-content/plugins/tch-auth-module/api/index.php on line 353
[27-Dec-2023 06:43:50 UTC] PHP Warning:  Invalid argument supplied for foreach() in /home/c58252/ab-express.ru/www/wp-content/plugins/tch-auth-module/api/index.php on line 353
[27-Dec-2023 06:44:12 UTC] PHP Warning:  Invalid argument supplied for foreach() in /home/c58252/ab-express.ru/www/wp-content/plugins/tch-auth-module/api/index.php on line 353
[27-Dec-2023 06:44:17 UTC] PHP Warning:  Invalid argument supplied for foreach() in /home/c58252/ab-express.ru/www/wp-content/plugins/tch-auth-module/api/index.php on line 353
[27-Dec-2023 06:44:22 UTC] PHP Warning:  {{image.url}} is deprecated and will be removed in 1.1; use {{image.src}} in /home/c58252/ab-express.ru/www/wp-content/plugins/timber-library/lib/Helper.php on line 211
[27-Dec-2023 06:53:15 UTC] PHP Warning:  Invalid argument supplied for foreach() in /home/c58252/ab-express.ru/www/wp-content/plugins/tch-auth-module/api/index.php on line 353
[27-Dec-2023 06:54:11 UTC] PHP Warning:  Invalid argument supplied for foreach() in /home/c58252/ab-express.ru/www/wp-content/plugins/tch-auth-module/api/index.php on line 353
[27-Dec-2023 06:55:26 UTC] PHP Warning:  Invalid argument supplied for foreach() in /home/c58252/ab-express.ru/www/wp-content/plugins/tch-auth-module/api/index.php on line 353
[27-Dec-2023 06:55:39 UTC] PHP Warning:  Invalid argument supplied for foreach() in /home/c58252/ab-express.ru/www/wp-content/plugins/tch-auth-module/api/index.php on line 353
[27-Dec-2023 06:55:42 UTC] PHP Warning:  {{image.url}} is deprecated and will be removed in 1.1; use {{image.src}} in /home/c58252/ab-express.ru/www/wp-content/plugins/timber-library/lib/Helper.php on line 211
[27-Dec-2023 06:55:42 UTC] PHP Warning:  Invalid argument supplied for foreach() in /home/c58252/ab-express.ru/www/wp-content/plugins/tch-auth-module/api/index.php on line 353
[27-Dec-2023 06:55:45 UTC] PHP Warning:  Invalid argument supplied for foreach() in /home/c58252/ab-express.ru/www/wp-content/plugins/tch-auth-module/api/index.php on line 353
[27-Dec-2023 06:55:51 UTC] PHP Warning:  Invalid argument supplied for foreach() in /home/c58252/ab-express.ru/www/wp-content/plugins/tch-auth-module/api/index.php on line 353
[27-Dec-2023 06:55:53 UTC] PHP Warning:  Invalid argument supplied for foreach() in /home/c58252/ab-express.ru/www/wp-content/plugins/tch-auth-module/api/index.php on line 353
[27-Dec-2023 06:56:07 UTC] PHP Warning:  Invalid argument supplied for foreach() in /home/c58252/ab-express.ru/www/wp-content/plugins/tch-auth-module/api/index.php on line 353
[27-Dec-2023 06:56:10 UTC] PHP Warning:  Invalid argument supplied for foreach() in /home/c58252/ab-express.ru/www/wp-content/plugins/tch-auth-module/api/index.php on line 353
[27-Dec-2023 06:56:14 UTC] PHP Warning:  in_array() expects parameter 2 to be array, string given in /home/c58252/ab-express.ru/www/wp-content/plugins/tch-auth-module/api/index.php on line 1151
[27-Dec-2023 06:56:14 UTC] PHP Warning:  array_push() expects parameter 1 to be array, string given in /home/c58252/ab-express.ru/www/wp-content/plugins/tch-auth-module/api/index.php on line 1161
[27-Dec-2023 06:56:19 UTC] PHP Warning:  in_array() expects parameter 2 to be array, string given in /home/c58252/ab-express.ru/www/wp-content/plugins/tch-auth-module/api/index.php on line 1151
[27-Dec-2023 06:56:19 UTC] PHP Warning:  array_push() expects parameter 1 to be array, string given in /home/c58252/ab-express.ru/www/wp-content/plugins/tch-auth-module/api/index.php on line 1161
[27-Dec-2023 06:56:20 UTC] PHP Warning:  in_array() expects parameter 2 to be array, string given in /home/c58252/ab-express.ru/www/wp-content/plugins/tch-auth-module/api/index.php on line 1151
[27-Dec-2023 06:56:20 UTC] PHP Warning:  array_push() expects parameter 1 to be array, string given in /home/c58252/ab-express.ru/www/wp-content/plugins/tch-auth-module/api/index.php on line 1161
[27-Dec-2023 06:56:26 UTC] PHP Warning:  Invalid argument supplied for foreach() in /home/c58252/ab-express.ru/www/wp-content/plugins/tch-auth-module/api/index.php on line 353
[27-Dec-2023 06:56:29 UTC] PHP Warning:  Invalid argument supplied for foreach() in /home/c58252/ab-express.ru/www/wp-content/plugins/tch-auth-module/api/index.php on line 353
[27-Dec-2023 07:16:05 UTC] PHP Warning:  {{image.url}} is deprecated and will be removed in 1.1; use {{image.src}} in /home/c58252/ab-express.ru/www/wp-content/plugins/timber-library/lib/Helper.php on line 211
[27-Dec-2023 07:25:02 UTC] PHP Warning:  Invalid argument supplied for foreach() in /home/c58252/ab-express.ru/www/wp-content/plugins/tch-auth-module/api/index.php on line 353
[27-Dec-2023 07:25:06 UTC] PHP Warning:  in_array() expects parameter 2 to be array, string given in /home/c58252/ab-express.ru/www/wp-content/plugins/tch-auth-module/api/index.php on line 1151
[27-Dec-2023 07:25:06 UTC] PHP Warning:  array_push() expects parameter 1 to be array, string given in /home/c58252/ab-express.ru/www/wp-content/plugins/tch-auth-module/api/index.php on line 1161
[27-Dec-2023 07:25:07 UTC] PHP Warning:  in_array() expects parameter 2 to be array, string given in /home/c58252/ab-express.ru/www/wp-content/plugins/tch-auth-module/api/index.php on line 1151
[27-Dec-2023 07:25:07 UTC] PHP Warning:  array_push() expects parameter 1 to be array, string given in /home/c58252/ab-express.ru/www/wp-content/plugins/tch-auth-module/api/index.php on line 1161
[27-Dec-2023 07:25:09 UTC] PHP Warning:  in_array() expects parameter 2 to be array, string given in /home/c58252/ab-express.ru/www/wp-content/plugins/tch-auth-module/api/index.php on line 1151
[27-Dec-2023 07:25:09 UTC] PHP Warning:  array_push() expects parameter 1 to be array, string given in /home/c58252/ab-express.ru/www/wp-content/plugins/tch-auth-module/api/index.php on line 1161
[27-Dec-2023 07:25:13 UTC] PHP Warning:  in_array() expects parameter 2 to be array, string given in /home/c58252/ab-express.ru/www/wp-content/plugins/tch-auth-module/api/index.php on line 1151
[27-Dec-2023 07:25:13 UTC] PHP Warning:  array_push() expects parameter 1 to be array, string given in /home/c58252/ab-express.ru/www/wp-content/plugins/tch-auth-module/api/index.php on line 1161
[27-Dec-2023 07:25:15 UTC] PHP Warning:  in_array() expects parameter 2 to be array, string given in /home/c58252/ab-express.ru/www/wp-content/plugins/tch-auth-module/api/index.php on line 1151
[27-Dec-2023 07:25:15 UTC] PHP Warning:  array_push() expects parameter 1 to be array, string given in /home/c58252/ab-express.ru/www/wp-content/plugins/tch-auth-module/api/index.php on line 1161
[27-Dec-2023 07:25:17 UTC] PHP Warning:  in_array() expects parameter 2 to be array, string given in /home/c58252/ab-express.ru/www/wp-content/plugins/tch-auth-module/api/index.php on line 1151
[27-Dec-2023 07:25:17 UTC] PHP Warning:  array_push() expects parameter 1 to be array, string given in /home/c58252/ab-express.ru/www/wp-content/plugins/tch-auth-module/api/index.php on line 1161
[27-Dec-2023 07:25:40 UTC] PHP Warning:  in_array() expects parameter 2 to be array, string given in /home/c58252/ab-express.ru/www/wp-content/plugins/tch-auth-module/api/index.php on line 1151
[27-Dec-2023 07:25:40 UTC] PHP Warning:  array_push() expects parameter 1 to be array, string given in /home/c58252/ab-express.ru/www/wp-content/plugins/tch-auth-module/api/index.php on line 1161
[27-Dec-2023 07:25:43 UTC] PHP Warning:  in_array() expects parameter 2 to be array, string given in /home/c58252/ab-express.ru/www/wp-content/plugins/tch-auth-module/api/index.php on line 1151
[27-Dec-2023 07:25:43 UTC] PHP Warning:  array_push() expects parameter 1 to be array, string given in /home/c58252/ab-express.ru/www/wp-content/plugins/tch-auth-module/api/index.php on line 1161
[27-Dec-2023 07:25:44 UTC] PHP Warning:  in_array() expects parameter 2 to be array, string given in /home/c58252/ab-express.ru/www/wp-content/plugins/tch-auth-module/api/index.php on line 1151
[27-Dec-2023 07:25:44 UTC] PHP Warning:  array_push() expects parameter 1 to be array, string given in /home/c58252/ab-express.ru/www/wp-content/plugins/tch-auth-module/api/index.php on line 1161
[27-Dec-2023 07:25:46 UTC] PHP Warning:  in_array() expects parameter 2 to be array, string given in /home/c58252/ab-express.ru/www/wp-content/plugins/tch-auth-module/api/index.php on line 1151
[27-Dec-2023 07:25:46 UTC] PHP Warning:  array_push() expects parameter 1 to be array, string given in /home/c58252/ab-express.ru/www/wp-content/plugins/tch-auth-module/api/index.php on line 1161
[27-Dec-2023 07:25:47 UTC] PHP Warning:  in_array() expects parameter 2 to be array, string given in /home/c58252/ab-express.ru/www/wp-content/plugins/tch-auth-module/api/index.php on line 1151
[27-Dec-2023 07:25:47 UTC] PHP Warning:  array_push() expects parameter 1 to be array, string given in /home/c58252/ab-express.ru/www/wp-content/plugins/tch-auth-module/api/index.php on line 1161
[27-Dec-2023 07:25:48 UTC] PHP Warning:  in_array() expects parameter 2 to be array, string given in /home/c58252/ab-express.ru/www/wp-content/plugins/tch-auth-module/api/index.php on line 1151
[27-Dec-2023 07:25:48 UTC] PHP Warning:  array_push() expects parameter 1 to be array, string given in /home/c58252/ab-express.ru/www/wp-content/plugins/tch-auth-module/api/index.php on line 1161
[27-Dec-2023 07:26:12 UTC] PHP Warning:  Invalid argument supplied for foreach() in /home/c58252/ab-express.ru/www/wp-content/plugins/tch-auth-module/api/index.php on line 353
[27-Dec-2023 07:26:16 UTC] PHP Warning:  Invalid argument supplied for foreach() in /home/c58252/ab-express.ru/www/wp-content/plugins/tch-auth-module/api/index.php on line 353
[27-Dec-2023 07:31:54 UTC] PHP Warning:  Invalid argument supplied for foreach() in /home/c58252/ab-express.ru/www/wp-content/plugins/tch-auth-module/api/index.php on line 353
[27-Dec-2023 07:31:56 UTC] PHP Warning:  in_array() expects parameter 2 to be array, string given in /home/c58252/ab-express.ru/www/wp-content/plugins/tch-auth-module/api/index.php on line 1151
[27-Dec-2023 07:31:56 UTC] PHP Warning:  array_push() expects parameter 1 to be array, string given in /home/c58252/ab-express.ru/www/wp-content/plugins/tch-auth-module/api/index.php on line 1161
[27-Dec-2023 07:32:21 UTC] PHP Warning:  Invalid argument supplied for foreach() in /home/c58252/ab-express.ru/www/wp-content/plugins/tch-auth-module/api/index.php on line 353
[27-Dec-2023 07:32:24 UTC] PHP Warning:  in_array() expects parameter 2 to be array, string given in /home/c58252/ab-express.ru/www/wp-content/plugins/tch-auth-module/api/index.php on line 1151
[27-Dec-2023 07:32:24 UTC] PHP Warning:  array_push() expects parameter 1 to be array, string given in /home/c58252/ab-express.ru/www/wp-content/plugins/tch-auth-module/api/index.php on line 1161
[27-Dec-2023 07:33:34 UTC] PHP Warning:  in_array() expects parameter 2 to be array, string given in /home/c58252/ab-express.ru/www/wp-content/plugins/tch-auth-module/api/index.php on line 1151
[27-Dec-2023 07:33:34 UTC] PHP Warning:  array_push() expects parameter 1 to be array, string given in /home/c58252/ab-express.ru/www/wp-content/plugins/tch-auth-module/api/index.php on line 1161
[27-Dec-2023 07:34:15 UTC] PHP Warning:  Invalid argument supplied for foreach() in /home/c58252/ab-express.ru/www/wp-content/plugins/tch-auth-module/api/index.php on line 353
[27-Dec-2023 07:34:16 UTC] PHP Warning:  in_array() expects parameter 2 to be array, string given in /home/c58252/ab-express.ru/www/wp-content/plugins/tch-auth-module/api/index.php on line 1151
[27-Dec-2023 07:34:16 UTC] PHP Warning:  array_push() expects parameter 1 to be array, string given in /home/c58252/ab-express.ru/www/wp-content/plugins/tch-auth-module/api/index.php on line 1161
[27-Dec-2023 07:35:12 UTC] PHP Warning:  in_array() expects parameter 2 to be array, string given in /home/c58252/ab-express.ru/www/wp-content/plugins/tch-auth-module/api/index.php on line 1151
[27-Dec-2023 07:35:12 UTC] PHP Warning:  array_push() expects parameter 1 to be array, string given in /home/c58252/ab-express.ru/www/wp-content/plugins/tch-auth-module/api/index.php on line 1161
[27-Dec-2023 07:35:15 UTC] PHP Warning:  in_array() expects parameter 2 to be array, string given in /home/c58252/ab-express.ru/www/wp-content/plugins/tch-auth-module/api/index.php on line 1151
[27-Dec-2023 07:35:15 UTC] PHP Warning:  array_push() expects parameter 1 to be array, string given in /home/c58252/ab-express.ru/www/wp-content/plugins/tch-auth-module/api/index.php on line 1161
[27-Dec-2023 07:35:17 UTC] PHP Warning:  in_array() expects parameter 2 to be array, string given in /home/c58252/ab-express.ru/www/wp-content/plugins/tch-auth-module/api/index.php on line 1151
[27-Dec-2023 07:35:17 UTC] PHP Warning:  array_push() expects parameter 1 to be array, string given in /home/c58252/ab-express.ru/www/wp-content/plugins/tch-auth-module/api/index.php on line 1161
[27-Dec-2023 07:35:19 UTC] PHP Warning:  in_array() expects parameter 2 to be array, string given in /home/c58252/ab-express.ru/www/wp-content/plugins/tch-auth-module/api/index.php on line 1151
[27-Dec-2023 07:35:19 UTC] PHP Warning:  array_push() expects parameter 1 to be array, string given in /home/c58252/ab-express.ru/www/wp-content/plugins/tch-auth-module/api/index.php on line 1161
[27-Dec-2023 07:35:48 UTC] PHP Warning:  in_array() expects parameter 2 to be array, string given in /home/c58252/ab-express.ru/www/wp-content/plugins/tch-auth-module/api/index.php on line 1151
[27-Dec-2023 07:35:48 UTC] PHP Warning:  array_push() expects parameter 1 to be array, string given in /home/c58252/ab-express.ru/www/wp-content/plugins/tch-auth-module/api/index.php on line 1161
[27-Dec-2023 07:36:57 UTC] PHP Warning:  in_array() expects parameter 2 to be array, string given in /home/c58252/ab-express.ru/www/wp-content/plugins/tch-auth-module/api/index.php on line 1151
[27-Dec-2023 07:36:57 UTC] PHP Warning:  array_push() expects parameter 1 to be array, string given in /home/c58252/ab-express.ru/www/wp-content/plugins/tch-auth-module/api/index.php on line 1161
[27-Dec-2023 07:48:20 UTC] PHP Warning:  Invalid argument supplied for foreach() in /home/c58252/ab-express.ru/www/wp-content/plugins/tch-auth-module/api/index.php on line 353
[27-Dec-2023 07:48:22 UTC] PHP Warning:  in_array() expects parameter 2 to be array, string given in /home/c58252/ab-express.ru/www/wp-content/plugins/tch-auth-module/api/index.php on line 1151
[27-Dec-2023 07:48:22 UTC] PHP Warning:  array_push() expects parameter 1 to be array, string given in /home/c58252/ab-express.ru/www/wp-content/plugins/tch-auth-module/api/index.php on line 1161
[27-Dec-2023 07:48:29 UTC] PHP Warning:  Invalid argument supplied for foreach() in /home/c58252/ab-express.ru/www/wp-content/plugins/tch-auth-module/api/index.php on line 353
[27-Dec-2023 07:48:33 UTC] PHP Warning:  in_array() expects parameter 2 to be array, string given in /home/c58252/ab-express.ru/www/wp-content/plugins/tch-auth-module/api/index.php on line 1151
[27-Dec-2023 07:48:33 UTC] PHP Warning:  array_push() expects parameter 1 to be array, string given in /home/c58252/ab-express.ru/www/wp-content/plugins/tch-auth-module/api/index.php on line 1161
[27-Dec-2023 07:48:38 UTC] PHP Warning:  in_array() expects parameter 2 to be array, string given in /home/c58252/ab-express.ru/www/wp-content/plugins/tch-auth-module/api/index.php on line 1151
[27-Dec-2023 07:48:38 UTC] PHP Warning:  array_push() expects parameter 1 to be array, string given in /home/c58252/ab-express.ru/www/wp-content/plugins/tch-auth-module/api/index.php on line 1161
[27-Dec-2023 07:48:51 UTC] PHP Warning:  in_array() expects parameter 2 to be array, string given in /home/c58252/ab-express.ru/www/wp-content/plugins/tch-auth-module/api/index.php on line 1151
[27-Dec-2023 07:48:51 UTC] PHP Warning:  array_push() expects parameter 1 to be array, string given in /home/c58252/ab-express.ru/www/wp-content/plugins/tch-auth-module/api/index.php on line 1161
[27-Dec-2023 07:48:57 UTC] PHP Warning:  Invalid argument supplied for foreach() in /home/c58252/ab-express.ru/www/wp-content/plugins/tch-auth-module/api/index.php on line 353
[27-Dec-2023 07:49:41 UTC] PHP Warning:  Invalid argument supplied for foreach() in /home/c58252/ab-express.ru/www/wp-content/plugins/tch-auth-module/api/index.php on line 353
[27-Dec-2023 07:51:57 UTC] PHP Warning:  Invalid argument supplied for foreach() in /home/c58252/ab-express.ru/www/wp-content/plugins/tch-auth-module/api/index.php on line 353
[27-Dec-2023 07:52:12 UTC] PHP Warning:  Invalid argument supplied for foreach() in /home/c58252/ab-express.ru/www/wp-content/plugins/tch-auth-module/api/index.php on line 353
[27-Dec-2023 07:52:25 UTC] PHP Warning:  Invalid argument supplied for foreach() in /home/c58252/ab-express.ru/www/wp-content/plugins/tch-auth-module/api/index.php on line 353
[27-Dec-2023 07:53:04 UTC] PHP Warning:  Invalid argument supplied for foreach() in /home/c58252/ab-express.ru/www/wp-content/plugins/tch-auth-module/api/index.php on line 353
[27-Dec-2023 07:53:22 UTC] PHP Warning:  Invalid argument supplied for foreach() in /home/c58252/ab-express.ru/www/wp-content/plugins/tch-auth-module/api/index.php on line 353
[27-Dec-2023 07:53:43 UTC] PHP Warning:  Invalid argument supplied for foreach() in /home/c58252/ab-express.ru/www/wp-content/plugins/tch-auth-module/api/index.php on line 353
[27-Dec-2023 07:54:15 UTC] PHP Warning:  {{image.url}} is deprecated and will be removed in 1.1; use {{image.src}} in /home/c58252/ab-express.ru/www/wp-content/plugins/timber-library/lib/Helper.php on line 211
[27-Dec-2023 07:54:22 UTC] PHP Warning:  {{image.url}} is deprecated and will be removed in 1.1; use {{image.src}} in /home/c58252/ab-express.ru/www/wp-content/plugins/timber-library/lib/Helper.php on line 211
[27-Dec-2023 07:54:41 UTC] PHP Warning:  {{image.url}} is deprecated and will be removed in 1.1; use {{image.src}} in /home/c58252/ab-express.ru/www/wp-content/plugins/timber-library/lib/Helper.php on line 211
[27-Dec-2023 07:55:46 UTC] PHP Warning:  {{image.url}} is deprecated and will be removed in 1.1; use {{image.src}} in /home/c58252/ab-express.ru/www/wp-content/plugins/timber-library/lib/Helper.php on line 211
[27-Dec-2023 07:55:50 UTC] PHP Warning:  Invalid argument supplied for foreach() in /home/c58252/ab-express.ru/www/wp-content/plugins/tch-auth-module/api/index.php on line 353
[27-Dec-2023 07:56:12 UTC] PHP Warning:  Invalid argument supplied for foreach() in /home/c58252/ab-express.ru/www/wp-content/plugins/tch-auth-module/api/index.php on line 353
[27-Dec-2023 07:56:19 UTC] PHP Warning:  Invalid argument supplied for foreach() in /home/c58252/ab-express.ru/www/wp-content/plugins/tch-auth-module/api/index.php on line 353
[27-Dec-2023 07:56:47 UTC] PHP Warning:  Invalid argument supplied for foreach() in /home/c58252/ab-express.ru/www/wp-content/plugins/tch-auth-module/api/index.php on line 353
[27-Dec-2023 08:20:02 UTC] PHP Warning:  Invalid argument supplied for foreach() in /home/c58252/ab-express.ru/www/wp-content/plugins/tch-auth-module/api/index.php on line 353
[27-Dec-2023 08:20:11 UTC] PHP Warning:  Invalid argument supplied for foreach() in /home/c58252/ab-express.ru/www/wp-content/plugins/tch-auth-module/api/index.php on line 353
[27-Dec-2023 08:20:51 UTC] PHP Warning:  Invalid argument supplied for foreach() in /home/c58252/ab-express.ru/www/wp-content/plugins/tch-auth-module/api/index.php on line 353
[27-Dec-2023 08:21:04 UTC] PHP Warning:  {{image.url}} is deprecated and will be removed in 1.1; use {{image.src}} in /home/c58252/ab-express.ru/www/wp-content/plugins/timber-library/lib/Helper.php on line 211
[27-Dec-2023 08:21:06 UTC] PHP Warning:  Invalid argument supplied for foreach() in /home/c58252/ab-express.ru/www/wp-content/plugins/tch-auth-module/api/index.php on line 353
[27-Dec-2023 08:21:44 UTC] PHP Warning:  Invalid argument supplied for foreach() in /home/c58252/ab-express.ru/www/wp-content/plugins/tch-auth-module/api/index.php on line 353
[27-Dec-2023 08:28:49 UTC] PHP Warning:  Invalid argument supplied for foreach() in /home/c58252/ab-express.ru/www/wp-content/plugins/tch-auth-module/api/index.php on line 353
[27-Dec-2023 08:29:00 UTC] PHP Warning:  Invalid argument supplied for foreach() in /home/c58252/ab-express.ru/www/wp-content/plugins/tch-auth-module/api/index.php on line 353
[27-Dec-2023 08:29:17 UTC] PHP Warning:  Invalid argument supplied for foreach() in /home/c58252/ab-express.ru/www/wp-content/plugins/tch-auth-module/api/index.php on line 353
[27-Dec-2023 08:30:28 UTC] PHP Warning:  Invalid argument supplied for foreach() in /home/c58252/ab-express.ru/www/wp-content/plugins/tch-auth-module/api/index.php on line 353
[27-Dec-2023 08:30:29 UTC] PHP Warning:  Invalid argument supplied for foreach() in /home/c58252/ab-express.ru/www/wp-content/plugins/tch-auth-module/api/index.php on line 353
[27-Dec-2023 08:30:36 UTC] PHP Warning:  Invalid argument supplied for foreach() in /home/c58252/ab-express.ru/www/wp-content/plugins/tch-auth-module/api/index.php on line 353
[27-Dec-2023 08:30:45 UTC] PHP Warning:  Invalid argument supplied for foreach() in /home/c58252/ab-express.ru/www/wp-content/plugins/tch-auth-module/api/index.php on line 353
[27-Dec-2023 08:34:09 UTC] PHP Warning:  Invalid argument supplied for foreach() in /home/c58252/ab-express.ru/www/wp-content/plugins/tch-auth-module/api/index.php on line 353
[27-Dec-2023 08:45:36 UTC] PHP Warning:  Invalid argument supplied for foreach() in /home/c58252/ab-express.ru/www/wp-content/plugins/tch-auth-module/api/index.php on line 353
[27-Dec-2023 08:45:41 UTC] set_user_favorites called. Article ID: 48578
[27-Dec-2023 08:45:41 UTC] PHP Warning:  in_array() expects parameter 2 to be array, string given in /home/c58252/ab-express.ru/www/wp-content/plugins/tch-auth-module/api/index.php on line 1152
[27-Dec-2023 08:45:41 UTC] PHP Warning:  array_push() expects parameter 1 to be array, string given in /home/c58252/ab-express.ru/www/wp-content/plugins/tch-auth-module/api/index.php on line 1162
[27-Dec-2023 08:45:41 UTC] Favorites updated. User ID: 962, Articles: ""
[27-Dec-2023 08:45:48 UTC] PHP Warning:  Invalid argument supplied for foreach() in /home/c58252/ab-express.ru/www/wp-content/plugins/tch-auth-module/api/index.php on line 353
[27-Dec-2023 08:52:27 UTC] PHP Warning:  Invalid argument supplied for foreach() in /home/c58252/ab-express.ru/www/wp-content/plugins/tch-auth-module/api/index.php on line 353
[27-Dec-2023 08:52:33 UTC] set_user_favorites called. Article ID: 48578
[27-Dec-2023 08:52:33 UTC] PHP Warning:  in_array() expects parameter 2 to be array, string given in /home/c58252/ab-express.ru/www/wp-content/plugins/tch-auth-module/api/index.php on line 1152
[27-Dec-2023 08:52:33 UTC] PHP Warning:  array_push() expects parameter 1 to be array, string given in /home/c58252/ab-express.ru/www/wp-content/plugins/tch-auth-module/api/index.php on line 1162
[27-Dec-2023 08:52:33 UTC] Favorites updated. User ID: 962, Articles: ""
[27-Dec-2023 08:52:35 UTC] set_user_favorites called. Article ID: 48578
[27-Dec-2023 08:52:35 UTC] PHP Warning:  in_array() expects parameter 2 to be array, string given in /home/c58252/ab-express.ru/www/wp-content/plugins/tch-auth-module/api/index.php on line 1152
[27-Dec-2023 08:52:35 UTC] PHP Warning:  array_push() expects parameter 1 to be array, string given in /home/c58252/ab-express.ru/www/wp-content/plugins/tch-auth-module/api/index.php on line 1162
[27-Dec-2023 08:52:35 UTC] Favorites updated. User ID: 962, Articles: ""
[27-Dec-2023 08:52:36 UTC] set_user_favorites called. Article ID: 48578
[27-Dec-2023 08:52:36 UTC] PHP Warning:  in_array() expects parameter 2 to be array, string given in /home/c58252/ab-express.ru/www/wp-content/plugins/tch-auth-module/api/index.php on line 1152
[27-Dec-2023 08:52:36 UTC] PHP Warning:  array_push() expects parameter 1 to be array, string given in /home/c58252/ab-express.ru/www/wp-content/plugins/tch-auth-module/api/index.php on line 1162
[27-Dec-2023 08:52:36 UTC] Favorites updated. User ID: 962, Articles: ""
[27-Dec-2023 08:52:38 UTC] set_user_favorites called. Article ID: 48578
[27-Dec-2023 08:52:38 UTC] PHP Warning:  in_array() expects parameter 2 to be array, string given in /home/c58252/ab-express.ru/www/wp-content/plugins/tch-auth-module/api/index.php on line 1152
[27-Dec-2023 08:52:38 UTC] PHP Warning:  array_push() expects parameter 1 to be array, string given in /home/c58252/ab-express.ru/www/wp-content/plugins/tch-auth-module/api/index.php on line 1162
[27-Dec-2023 08:52:38 UTC] Favorites updated. User ID: 962, Articles: ""
